2025-07-08 22:57:37.253 - root - INFO - [setup_logging:179] - [IntegrationDemo] Logging configured - Level: 10, File: logs\integration_demo_1752040657.log
2025-07-08 22:57:37.255 - root - INFO - [__init__:50] - [IntegrationDemo] Terminal Agent Integration Demo initialized
2025-07-08 22:57:37.261 - root - INFO - [initialize_components:198] - [IntegrationDemo] Initializing terminal agent components...
2025-07-08 22:57:37.275 - root - INFO - [setup_component_communication:233] - [IntegrationDemo] Setting up component communication...
2025-07-08 22:57:45.295 - root - INFO - [run_orchestration_simulation:468] - [IntegrationDemo] Health check: 3 agents healthy
2025-07-08 22:57:52.280 - root - INFO - [run_error_simulation:394] - [IntegrationDemo] Error scenario 'memory_pressure' processed
2025-07-08 22:57:53.297 - root - INFO - [run_orchestration_simulation:468] - [IntegrationDemo] Health check: 3 agents healthy
2025-07-08 22:58:01.304 - root - INFO - [run_orchestration_simulation:468] - [IntegrationDemo] Health check: 3 agents healthy
2025-07-08 22:58:07.284 - root - INFO - [run_error_simulation:394] - [IntegrationDemo] Error scenario 'high_cpu_usage' processed
2025-07-08 22:58:09.318 - root - INFO - [run_orchestration_simulation:483] - [IntegrationDemo] Processed 5 coordination messages
2025-07-08 22:58:17.324 - root - INFO - [run_orchestration_simulation:477] - [IntegrationDemo] Resource optimization performed
2025-07-08 22:58:22.287 - root - INFO - [run_error_simulation:394] - [IntegrationDemo] Error scenario 'high_cpu_usage' processed
2025-07-08 22:58:25.338 - root - INFO - [run_orchestration_simulation:473] - [IntegrationDemo] Load balancing completed
2025-07-08 22:58:33.368 - root - INFO - [run_orchestration_simulation:483] - [IntegrationDemo] Processed 3 coordination messages
2025-07-08 22:58:37.299 - root - INFO - [run_error_simulation:394] - [IntegrationDemo] Error scenario 'memory_pressure' processed
2025-07-08 22:58:41.383 - root - INFO - [run_orchestration_simulation:468] - [IntegrationDemo] Health check: 3 agents healthy
2025-07-08 22:58:49.400 - root - INFO - [run_orchestration_simulation:483] - [IntegrationDemo] Processed 2 coordination messages
2025-07-08 22:58:52.307 - root - INFO - [run_error_simulation:394] - [IntegrationDemo] Error scenario 'network_issues' processed
2025-07-08 22:58:57.425 - root - INFO - [run_orchestration_simulation:473] - [IntegrationDemo] Load balancing completed
2025-07-08 22:59:05.445 - root - INFO - [run_orchestration_simulation:473] - [IntegrationDemo] Load balancing completed
2025-07-08 22:59:07.326 - root - INFO - [run_error_simulation:394] - [IntegrationDemo] Error scenario 'process_failures' processed
2025-07-08 22:59:13.455 - root - INFO - [run_orchestration_simulation:477] - [IntegrationDemo] Resource optimization performed
2025-07-08 22:59:21.458 - root - INFO - [run_orchestration_simulation:483] - [IntegrationDemo] Processed 2 coordination messages
2025-07-08 22:59:22.347 - root - INFO - [run_error_simulation:394] - [IntegrationDemo] Error scenario 'memory_pressure' processed
2025-07-08 22:59:29.462 - root - INFO - [run_orchestration_simulation:483] - [IntegrationDemo] Processed 5 coordination messages
2025-07-08 22:59:37.363 - root - INFO - [run_error_simulation:394] - [IntegrationDemo] Error scenario 'process_failures' processed
2025-07-08 22:59:37.474 - root - INFO - [run_orchestration_simulation:468] - [IntegrationDemo] Health check: 3 agents healthy
2025-07-08 22:59:45.484 - root - INFO - [run_orchestration_simulation:477] - [IntegrationDemo] Resource optimization performed
2025-07-08 22:59:52.369 - root - INFO - [run_error_simulation:394] - [IntegrationDemo] Error scenario 'disk_space_warning' processed
2025-07-08 22:59:53.509 - root - INFO - [run_orchestration_simulation:477] - [IntegrationDemo] Resource optimization performed
2025-07-08 23:00:01.520 - root - INFO - [run_orchestration_simulation:477] - [IntegrationDemo] Resource optimization performed
2025-07-08 23:00:07.385 - root - INFO - [run_error_simulation:394] - [IntegrationDemo] Error scenario 'process_failures' processed
2025-07-08 23:00:09.517 - root - INFO - [run_orchestration_simulation:468] - [IntegrationDemo] Health check: 3 agents healthy
2025-07-08 23:00:17.530 - root - INFO - [run_orchestration_simulation:468] - [IntegrationDemo] Health check: 3 agents healthy
2025-07-08 23:00:22.392 - root - INFO - [run_error_simulation:394] - [IntegrationDemo] Error scenario 'process_failures' processed
2025-07-08 23:00:25.542 - root - INFO - [run_orchestration_simulation:477] - [IntegrationDemo] Resource optimization performed
2025-07-08 23:00:33.555 - root - INFO - [run_orchestration_simulation:477] - [IntegrationDemo] Resource optimization performed
2025-07-08 23:00:37.400 - root - INFO - [run_error_simulation:394] - [IntegrationDemo] Error scenario 'memory_pressure' processed
2025-07-08 23:00:41.569 - root - INFO - [run_orchestration_simulation:477] - [IntegrationDemo] Resource optimization performed
2025-07-08 23:00:49.582 - root - INFO - [run_orchestration_simulation:477] - [IntegrationDemo] Resource optimization performed
2025-07-08 23:00:52.399 - root - INFO - [run_error_simulation:394] - [IntegrationDemo] Error scenario 'network_issues' processed
2025-07-08 23:00:57.591 - root - INFO - [run_orchestration_simulation:477] - [IntegrationDemo] Resource optimization performed
2025-07-08 23:01:05.616 - root - INFO - [run_orchestration_simulation:483] - [IntegrationDemo] Processed 4 coordination messages
2025-07-08 23:01:07.407 - root - INFO - [run_error_simulation:394] - [IntegrationDemo] Error scenario 'disk_space_warning' processed
2025-07-08 23:01:13.613 - root - INFO - [run_orchestration_simulation:483] - [IntegrationDemo] Processed 4 coordination messages
2025-07-08 23:01:21.610 - root - INFO - [run_orchestration_simulation:473] - [IntegrationDemo] Load balancing completed
2025-07-08 23:01:22.428 - root - INFO - [run_error_simulation:394] - [IntegrationDemo] Error scenario 'memory_pressure' processed
2025-07-08 23:01:29.623 - root - INFO - [run_orchestration_simulation:468] - [IntegrationDemo] Health check: 3 agents healthy
2025-07-08 23:01:37.429 - root - INFO - [run_error_simulation:394] - [IntegrationDemo] Error scenario 'network_issues' processed
2025-07-08 23:01:37.636 - root - INFO - [run_orchestration_simulation:477] - [IntegrationDemo] Resource optimization performed
2025-07-08 23:01:45.633 - root - INFO - [run_orchestration_simulation:468] - [IntegrationDemo] Health check: 3 agents healthy
2025-07-08 23:01:52.435 - root - INFO - [run_error_simulation:394] - [IntegrationDemo] Error scenario 'network_issues' processed
2025-07-08 23:01:53.630 - root - INFO - [run_orchestration_simulation:477] - [IntegrationDemo] Resource optimization performed
2025-07-08 23:02:01.642 - root - INFO - [run_orchestration_simulation:468] - [IntegrationDemo] Health check: 3 agents healthy
2025-07-08 23:02:07.444 - root - INFO - [run_error_simulation:394] - [IntegrationDemo] Error scenario 'process_failures' processed
2025-07-08 23:02:09.653 - root - INFO - [run_orchestration_simulation:483] - [IntegrationDemo] Processed 2 coordination messages
2025-07-08 23:02:17.650 - root - INFO - [run_orchestration_simulation:477] - [IntegrationDemo] Resource optimization performed
2025-07-08 23:02:22.444 - root - INFO - [run_error_simulation:394] - [IntegrationDemo] Error scenario 'disk_space_warning' processed
2025-07-08 23:02:25.660 - root - INFO - [run_orchestration_simulation:468] - [IntegrationDemo] Health check: 3 agents healthy
2025-07-08 23:02:33.674 - root - INFO - [run_orchestration_simulation:483] - [IntegrationDemo] Processed 1 coordination messages
